The system is: Linux - 2.6.9-78.0.1.ELsmp - x86_64
Compiling the C compiler identification source file "CMakeCCompilerId.c" succeeded.
Compiler: /usr/bin/gcc 
Build flags: 
Id flags: 

The output was:
0


Compilation of the C compiler identification source "CMakeCCompilerId.c" produced "a.out"

The C compiler identification is GNU, found in "/home/abergman/Research/DCell/ITK/CMakeFiles/CompilerIdC/a.out"

Compiling the CXX compiler identification source file "CMakeCXXCompilerId.cpp" succeeded.
Compiler: /usr/bin/c++ 
Build flags: 
Id flags: 

The output was:
0


Compilation of the CXX compiler identification source "CMakeCXXCompilerId.cpp" produced "a.out"

The CXX compiler identification is GNU, found in "/home/abergman/Research/DCell/ITK/CMakeFiles/CompilerIdCXX/a.out"

Determining if the C compiler works passed with the following output:
Change Dir: /home/abergman/Research/DCell/ITK/CMakeFiles/CMakeTmp

Run Build Command:/usr/bin/gmake "cmTryCompileExec/fast"
/usr/bin/gmake -f CMakeFiles/cmTryCompileExec.dir/build.make CMakeFiles/cmTryCompileExec.dir/build
gmake[1]: Entering directory `/home/abergman/Research/DCell/ITK/CMakeFiles/CMakeTmp'
/share/apps/cmake-2.6.4-Linux-i386/bin/cmake -E cmake_progress_report /home/abergman/Research/DCell/ITK/CMakeFiles/CMakeTmp/CMakeFiles 1
Building C object CMakeFiles/cmTryCompileExec.dir/testCCompiler.c.o
/usr/bin/gcc    -o CMakeFiles/cmTryCompileExec.dir/testCCompiler.c.o   -c /home/abergman/Research/DCell/ITK/CMakeFiles/CMakeTmp/testCCompiler.c
Linking C executable cmTryCompileExec
/share/apps/cmake-2.6.4-Linux-i386/bin/cmake -E cmake_link_script CMakeFiles/cmTryCompileExec.dir/link.txt --verbose=1
/usr/bin/gcc       -fPIC CMakeFiles/cmTryCompileExec.dir/testCCompiler.c.o  -o cmTryCompileExec -rdynamic 
gmake[1]: Leaving directory `/home/abergman/Research/DCell/ITK/CMakeFiles/CMakeTmp'


Detecting C compiler ABI info compiled with the following output:
Change Dir: /home/abergman/Research/DCell/ITK/CMakeFiles/CMakeTmp

Run Build Command:/usr/bin/gmake "cmTryCompileExec/fast"
/usr/bin/gmake -f CMakeFiles/cmTryCompileExec.dir/build.make CMakeFiles/cmTryCompileExec.dir/build
gmake[1]: Entering directory `/home/abergman/Research/DCell/ITK/CMakeFiles/CMakeTmp'
/share/apps/cmake-2.6.4-Linux-i386/bin/cmake -E cmake_progress_report /home/abergman/Research/DCell/ITK/CMakeFiles/CMakeTmp/CMakeFiles 1
Building C object CMakeFiles/cmTryCompileExec.dir/CMakeCCompilerABI.c.o
/usr/bin/gcc    -o CMakeFiles/cmTryCompileExec.dir/CMakeCCompilerABI.c.o   -c /share/apps/cmake-2.6.4-Linux-i386/share/cmake-2.6/Modules/CMakeCCompilerABI.c
Linking C executable cmTryCompileExec
/share/apps/cmake-2.6.4-Linux-i386/bin/cmake -E cmake_link_script CMakeFiles/cmTryCompileExec.dir/link.txt --verbose=1
/usr/bin/gcc       -fPIC CMakeFiles/cmTryCompileExec.dir/CMakeCCompilerABI.c.o  -o cmTryCompileExec -rdynamic 
gmake[1]: Leaving directory `/home/abergman/Research/DCell/ITK/CMakeFiles/CMakeTmp'


Determining if the CXX compiler works passed with the following output:
Change Dir: /home/abergman/Research/DCell/ITK/CMakeFiles/CMakeTmp

Run Build Command:/usr/bin/gmake "cmTryCompileExec/fast"
/usr/bin/gmake -f CMakeFiles/cmTryCompileExec.dir/build.make CMakeFiles/cmTryCompileExec.dir/build
gmake[1]: Entering directory `/home/abergman/Research/DCell/ITK/CMakeFiles/CMakeTmp'
/share/apps/cmake-2.6.4-Linux-i386/bin/cmake -E cmake_progress_report /home/abergman/Research/DCell/ITK/CMakeFiles/CMakeTmp/CMakeFiles 1
Building CXX object CMakeFiles/cmTryCompileExec.dir/testCXXCompiler.cxx.o
/usr/bin/c++     -o CMakeFiles/cmTryCompileExec.dir/testCXXCompiler.cxx.o -c /home/abergman/Research/DCell/ITK/CMakeFiles/CMakeTmp/testCXXCompiler.cxx
Linking CXX executable cmTryCompileExec
/share/apps/cmake-2.6.4-Linux-i386/bin/cmake -E cmake_link_script CMakeFiles/cmTryCompileExec.dir/link.txt --verbose=1
/usr/bin/c++        -fPIC CMakeFiles/cmTryCompileExec.dir/testCXXCompiler.cxx.o  -o cmTryCompileExec -rdynamic 
gmake[1]: Leaving directory `/home/abergman/Research/DCell/ITK/CMakeFiles/CMakeTmp'


Detecting CXX compiler ABI info compiled with the following output:
Change Dir: /home/abergman/Research/DCell/ITK/CMakeFiles/CMakeTmp

Run Build Command:/usr/bin/gmake "cmTryCompileExec/fast"
/usr/bin/gmake -f CMakeFiles/cmTryCompileExec.dir/build.make CMakeFiles/cmTryCompileExec.dir/build
gmake[1]: Entering directory `/home/abergman/Research/DCell/ITK/CMakeFiles/CMakeTmp'
/share/apps/cmake-2.6.4-Linux-i386/bin/cmake -E cmake_progress_report /home/abergman/Research/DCell/ITK/CMakeFiles/CMakeTmp/CMakeFiles 1
Building CXX object CMakeFiles/cmTryCompileExec.dir/CMakeCXXCompilerABI.cpp.o
/usr/bin/c++     -o CMakeFiles/cmTryCompileExec.dir/CMakeCXXCompilerABI.cpp.o -c /share/apps/cmake-2.6.4-Linux-i386/share/cmake-2.6/Modules/CMakeCXXCompilerABI.cpp
Linking CXX executable cmTryCompileExec
/share/apps/cmake-2.6.4-Linux-i386/bin/cmake -E cmake_link_script CMakeFiles/cmTryCompileExec.dir/link.txt --verbose=1
/usr/bin/c++        -fPIC CMakeFiles/cmTryCompileExec.dir/CMakeCXXCompilerABI.cpp.o  -o cmTryCompileExec -rdynamic 
gmake[1]: Leaving directory `/home/abergman/Research/DCell/ITK/CMakeFiles/CMakeTmp'


